dHello!
Welcome to Ethan's Example / Test Story to test out the machanics of this text editor that I have written in c# to act as a front end to my encrypted log taking program utilising axolotle.
dHello!
ddHello!
dddHello!
dddaHello!
dddasHello!
dddasdHello!
dddasdfHello!
dddasdfaHello!
dddasdfasHello!
dddasdfasdHello!
dddasdfasdfHello!
Welcome to Ethan's Example / Test Story to test out the machanics of this text editor that I have written in c# to act as a front end to my encrypted log taking program utilising axolotle.
Welcome to Ethan's Example / Test Story to test out the machanics of this text editor that I have written in c# to act as a front end to my encrypted log taking program utilising axolotele.
Welcome to Ethan's Example / Test Story to test out the machanics of this text editor that I have written in c# to act as a front end to my encrypted log taking program utilising axoloteele.
Welcome to Ethan's Example / Test Story to test out the machanics of this text editor that I have written in c# to act as a front end to my encrypted log taking program utilising axoloteeele.
Welcome to Ethan's Example / Test Story to test out the machanics of this text editor that I have written in c# to act as a front end to my encrypted log taking program utilising axoloteeeele.
Welcome to Ethan's Example / Test Story to test out the machanics of this text editor that I have written in c# to act as a front end to my encrypted log taking program utilising axoloteeeeale.
Welcome to Ethan's Example / Test Story to test out the machanics of this text editor that I have written in c# to act as a front end to my encrypted log taking program utilising axoloteeeeaale.
Welcome to Ethan's Example / Test Story to test out the machanics of this text editor that I have written in c# to act as a front end to my encrypted log taking program utilising axoloteeeeaasle.
Welcome to Ethan's Example / Test Story to test out the machanics of this text editor that I have written in c# to act as a front end to my encrypted log taking program utilising axoloteeeeaasdle.
Welcome to Ethan's Example / Test Story to test out the machanics of this text editor that I have written in c# to act as a front end to my encrypted log taking program utilising axoloteeeeaasdfle.
Welcome to Ethan's Example / Test Story to test out the machanics of this text editor that I have written in c# to act as a front end to my encrypted log taking program utilising axoloteeeeaasdflae.
Welcome to Ethan's Example / Test Story to test out the machanics of this text editor that I have written in c# to act as a front end to my encrypted log taking program utilising axoloteeeeaasdflase.
Welcome to Ethan's Example / Test Story to test out the machanics of this text editor that I have written in c# to act as a front end to my encrypted log taking program utilising axoloteeeeaasdflasde.
Welcome to Ethan's Example / Test Story to test out the machanics of this text editor that I have written in c# to act as a front end to my encrypted log taking program utilising axoloteeeeaasdflasdfe.
Welcome to Ethan's Example / Test Story to test out the machanics of this text editor that I have written in c# to act as a front end to my encrypted log taking program utilising axoloteeeeaasdflasdfae.
Welcome to Ethan's Example / Test Story to test out the machanics of this text editor that I have written in c# to act as a front end to my encrypted log taking program utilising axoloteeeeaasdflasdfase.
Welcome to Ethan's Example / Test Story to test out the machanics of this text editor that I have written in c# to act as a front end to my encrypted log taking program utilising axoloteeeeaasdflasdfasde.
Welcome to Ethan's Example / Test Story to test out the machanics of this text editor that I have written in c# to act as a front end to my encrypted log taking program utilising axoloteeeeaasdflasdfasdfe.
Welcome to Ethan's Example / Test Story to test out the machanics of this text editor that I have written in c# to act as a front end to my encrypted log taking program utilising axoloteeeeaasdflasdfasdfde.
Welcome to Ethan's Example / Test Story to test out the machanics of this text editor that I have written in c# to act as a front end to my encrypted log taking program utilising axoloteeeeaasdflasdfasdfdse.
Welcome to Ethan's Example / Test Story to test out the machanics of this text editor that I have written in c# to act as a front end to my encrypted log taking program utilising axoloteeeeaasdflasdfasdfdsde.
Welcome to Ethan's Example / Test Story to test out the machanics of this text editor that I have written in c# to act as a front end to my encrypted log taking program utilising axoloteeeeaasdflasdfasdfdsdse.
Welcome to Ethan's Example / Test Story to test out the machanics of this text editor that I have written in c# to act as a front end to my encrypted log taking program utilising axoloteeeeaasdflasdfasdfdsdsde.
Welcome to Ethan's Example / Test Story to test out the machanics of this text editor that I have written in c# to act as a front end to my encrypted log taking program utilising axoloteeeeaasdflasdfasdfdsdsdse.
Welcome to Ethan's Example / Test Story to test out the machanics of this text editor that I have written in c# to act as a front end to my encrypted log taking program utilising axoloteeeeaasdflasdfasdfdsdsdsde.
